[debug] [2019-11-16T16:26:48.281Z] ----------------------------------------------------------------------
[debug] [2019-11-16T16:26:48.283Z] Command:       C:\Program Files\nodejs\node.exe C:\Users\Allan\AppData\Roaming\npm\node_modules\firebase-tools\lib\bin\firebase.js serve --only functions
[debug] [2019-11-16T16:26:48.284Z] CLI Version:   7.7.0
[debug] [2019-11-16T16:26:48.284Z] Platform:      win32
[debug] [2019-11-16T16:26:48.284Z] Node Version:  v10.15.0
[debug] [2019-11-16T16:26:48.285Z] Time:          Sun Nov 17 2019 00:26:48 GMT+0800 (China Standard Time)
[debug] [2019-11-16T16:26:48.285Z] ----------------------------------------------------------------------
[debug] [2019-11-16T16:26:48.285Z] 
[debug] [2019-11-16T16:26:48.304Z] > command requires scopes: ["email","openid","https://www.googleapis.com/auth/cloudplatformprojects.readonly","https://www.googleapis.com/auth/firebase","https://www.googleapis.com/auth/cloud-platform"]
[debug] [2019-11-16T16:26:48.305Z] > authorizing via signed-in user
[debug] [2019-11-16T16:26:48.305Z] [iam] checking project kostku-d9d46 for permissions ["firebase.projects.get"]
[debug] [2019-11-16T16:26:48.307Z] > refreshing access token with scopes: ["email","https://www.googleapis.com/auth/cloud-platform","https://www.googleapis.com/auth/cloudplatformprojects.readonly","https://www.googleapis.com/auth/firebase","openid"]
[debug] [2019-11-16T16:26:48.307Z] >>> HTTP REQUEST POST https://www.googleapis.com/oauth2/v3/token  
 <request body omitted>
[debug] [2019-11-16T16:26:48.757Z] <<< HTTP RESPONSE 200
[debug] [2019-11-16T16:26:48.765Z] >>> HTTP REQUEST POST https://cloudresourcemanager.googleapis.com/v1/projects/kostku-d9d46:testIamPermissions  

[debug] [2019-11-16T16:26:50.186Z] <<< HTTP RESPONSE 200
[debug] [2019-11-16T16:26:50.187Z] >>> HTTP REQUEST GET https://firebase.googleapis.com/v1beta1/projects/kostku-d9d46  
 
[debug] [2019-11-16T16:26:50.828Z] <<< HTTP RESPONSE 200
[warn] !  Your requested "node" version "8" doesn't match your global version "10"
[info] +  functions: Emulator started at http://localhost:5000
[info] i  functions: Watching "C:\Users\Allan\AndroidStudioProjects\Kostku\functions" for Cloud Functions...
[debug] [2019-11-16T16:26:53.362Z] [worker-~diagnostic~-b26a4046-710e-4f4c-8bc9-bab2cb89f06b]: BUSY
[debug] [2019-11-16T16:26:53.835Z] [runtime-status] Functions runtime initialized. {"cwd":"C:\\Users\\Allan\\AndroidStudioProjects\\Kostku\\functions","node_version":"10.15.0"}
[debug] [2019-11-16T16:26:53.837Z] [runtime-status] Disabled runtime features: {"functions_config_helper":true,"network_filtering":true,"timeout":true,"memory_limiting":true,"admin_stubs":true} {}
[debug] [2019-11-16T16:26:53.843Z] [runtime-status] Resolved module firebase-admin {"declared":true,"installed":true,"version":"8.7.0","resolution":"C:\\Users\\Allan\\AndroidStudioProjects\\Kostku\\functions\\node_modules\\firebase-admin\\lib\\index.js"}
[debug] [2019-11-16T16:26:53.846Z] [runtime-status] Resolved module firebase-functions {"declared":true,"installed":true,"version":"3.3.0","resolution":"C:\\Users\\Allan\\AndroidStudioProjects\\Kostku\\functions\\node_modules\\firebase-functions\\lib\\index.js"}
[debug] [2019-11-16T16:26:53.847Z] [runtime-status] Resolved module firebase-functions {"declared":true,"installed":true,"version":"3.3.0","resolution":"C:\\Users\\Allan\\AndroidStudioProjects\\Kostku\\functions\\node_modules\\firebase-functions\\lib\\index.js"}
[info] +  functions[createNewUser]: http function initialized (http://localhost:5000/kostku-d9d46/us-central1/createNewUser).
[info] +  functions[addMerchant]: http function initialized (http://localhost:5000/kostku-d9d46/asia-east2/addMerchant).
[debug] [2019-11-16T16:26:54.081Z] [worker-~diagnostic~-b26a4046-710e-4f4c-8bc9-bab2cb89f06b]: exited
[debug] [2019-11-16T16:26:54.081Z] [worker-~diagnostic~-b26a4046-710e-4f4c-8bc9-bab2cb89f06b]: FINISHED
[debug] [2019-11-16T16:27:12.125Z] Accepted request GET /kostku-d9d46/asia-east2/addMerchant --> addMerchant
[debug] [2019-11-16T16:27:12.133Z] [worker-addMerchant-c9ecd8b0-1784-44f0-92e3-75579fc75462]: BUSY
[debug] [2019-11-16T16:27:12.729Z] [runtime-status] Functions runtime initialized. {"cwd":"C:\\Users\\Allan\\AndroidStudioProjects\\Kostku\\functions","node_version":"10.15.0"}
[debug] [2019-11-16T16:27:12.732Z] [runtime-status] Disabled runtime features: {"functions_config_helper":true,"network_filtering":true,"timeout":true,"memory_limiting":true,"admin_stubs":true} {}
[debug] [2019-11-16T16:27:12.740Z] [runtime-status] Resolved module firebase-admin {"declared":true,"installed":true,"version":"8.7.0","resolution":"C:\\Users\\Allan\\AndroidStudioProjects\\Kostku\\functions\\node_modules\\firebase-admin\\lib\\index.js"}
[debug] [2019-11-16T16:27:12.743Z] [runtime-status] Resolved module firebase-functions {"declared":true,"installed":true,"version":"3.3.0","resolution":"C:\\Users\\Allan\\AndroidStudioProjects\\Kostku\\functions\\node_modules\\firebase-functions\\lib\\index.js"}
[debug] [2019-11-16T16:27:12.744Z] [runtime-status] Resolved module firebase-functions {"declared":true,"installed":true,"version":"3.3.0","resolution":"C:\\Users\\Allan\\AndroidStudioProjects\\Kostku\\functions\\node_modules\\firebase-functions\\lib\\index.js"}
[debug] [2019-11-16T16:27:12.968Z] [runtime-status] Trigger "addMerchant" has been found, beginning invocation! {}
[info] i  functions: Beginning execution of "addMerchant"
[debug] [2019-11-16T16:27:12.972Z] [runtime-status]  {"regions":["asia-east2"],"httpsTrigger":{},"labels":{"deployment-callable":"true"},"name":"addMerchant","entryPoint":"addMerchant"}
[debug] [2019-11-16T16:27:12.972Z] [runtime-status] Running addMerchant in mode HTTPS {}
[debug] [2019-11-16T16:27:12.980Z] {"socketPath":"\\\\?\\pipe\\C:\\Users\\Allan\\AndroidStudioProjects\\Kostku\\functions\\12464"}
[debug] [2019-11-16T16:27:12.983Z] [functions] Runtime ready! Sending request! {"socketPath":"\\\\?\\pipe\\C:\\Users\\Allan\\AndroidStudioProjects\\Kostku\\functions\\12464"}
[debug] [2019-11-16T16:27:12.993Z] [runtime-status] Ephemeral server used! {}
[info] >  Request has invalid method. GET
[info] >  Invalid request IncomingMessage {
[info] >    _readableState:
[info] >     ReadableState {
[info] >       objectMode: false,
[info] >       highWaterMark: 16384,
[info] >       buffer: BufferList { head: null, tail: null, length: 0 },
[info] >       length: 0,
[info] >       pipes: null,
[info] >       pipesCount: 0,
[info] >       flowing: null,
[info] >       ended: false,
[info] >       endEmitted: false,
[info] >       reading: false,
[info] >       sync: true,
[info] >       needReadable: false,
[info] >       emittedReadable: false,
[info] >       readableListening: false,
[info] >       resumeScheduled: false,
[info] >       emitClose: true,
[info] >       destroyed: false,
[info] >       defaultEncoding: 'utf8',
[info] >       awaitDrain: 0,
[info] >       readingMore: true,
[info] >       decoder: null,
[info] >       encoding: null },
[info] >    readable: true,
[info] >    _events: [Object: null prototype] {},
[info] >    _eventsCount: 0,
[info] >    _maxListeners: undefined,
[info] >    socket:
[info] >     Socket {
[info] >       connecting: false,
[info] >       _hadError: false,
[info] >       _handle:
[info] >        Pipe {
[info] >          onread: [Function: onStreamRead],
[info] >          reading: true,
[info] >          _consumed: true,
[info] >          [Symbol(owner)]: [Circular] },
[info] >       _parent: null,
[info] >       _host: null,
[info] >       _readableState:
[info] >        ReadableState {
[info] >          objectMode: false,
[info] >          highWaterMark: 16384,
[info] >          buffer: BufferList { head: null, tail: null, length: 0 },
[info] >          length: 0,
[info] >          pipes: null,
[info] >          pipesCount: 0,
[info] >          flowing: true,
[info] >          ended: false,
[info] >          endEmitted: false,
[info] >          reading: true,
[info] >          sync: false,
[info] >          needReadable: true,
[info] >          emittedReadable: false,
[info] >          readableListening: false,
[info] >          resumeScheduled: false,
[info] >          emitClose: false,
[info] >          destroyed: false,
[info] >          defaultEncoding: 'utf8',
[info] >          awaitDrain: 0,
[info] >          readingMore: false,
[info] >          decoder: null,
[info] >          encoding: null },
[info] >       readable: true,
[info] >       _events:
[info] >        [Object: null prototype] {
[info] >          end: [Array],
[info] >          drain: [Array],
[info] >          timeout: [Function: socketOnTimeout],
[info] >          data: [Function: bound socketOnData],
[info] >          error: [Function: socketOnError],
[info] >          close: [Array],
[info] >          resume: [Function: onSocketResume],
[info] >          pause: [Function: onSocketPause] },
[info] >       _eventsCount: 8,
[info] >       _maxListeners: undefined,
[info] >       _writableState:
[info] >        WritableState {
[info] >          objectMode: false,
[info] >          highWaterMark: 16384,
[info] >          finalCalled: false,
[info] >          needDrain: false,
[info] >          ending: false,
[info] >          ended: false,
[info] >          finished: false,
[info] >          destroyed: false,
[info] >          decodeStrings: false,
[info] >          defaultEncoding: 'utf8',
[info] >          length: 0,
[info] >          writing: false,
[info] >          corked: 0,
[info] >          sync: true,
[info] >          bufferProcessing: false,
[info] >          onwrite: [Function: bound onwrite],
[info] >          writecb: null,
[info] >          writelen: 0,
[info] >          bufferedRequest: null,
[info] >          lastBufferedRequest: null,
[info] >          pendingcb: 0,
[info] >          prefinished: false,
[info] >          errorEmitted: false,
[info] >          emitClose: false,
[info] >          bufferedRequestCount: 0,
[info] >          corkedRequestsFree: [Object] },
[info] >       writable: true,
[info] >       allowHalfOpen: true,
[info] >       _sockname: null,
[info] >       _pendingData: null,
[info] >       _pendingEncoding: '',
[info] >       server:
[info] >        Server {
[info] >          _events: [Object],
[info] >          _eventsCount: 2,
[info] >          _maxListeners: undefined,
[info] >          _connections: 1,
[info] >          _handle: [Pipe],
[info] >          _usingWorkers: false,
[info] >          _workers: [],
[info] >          _unref: false,
[info] >          allowHalfOpen: true,
[info] >          pauseOnConnect: false,
[info] >          httpAllowHalfOpen: false,
[info] >          timeout: 120000,
[info] >          keepAliveTimeout: 5000,
[info] >          _pendingResponseData: 0,
[info] >          maxHeadersCount: null,
[info] >          headersTimeout: 40000,
[info] >          _pipeName:
[info] >           '\\\\?\\pipe\\C:\\Users\\Allan\\AndroidStudioProjects\\Kostku\\functions\\12464',
[info] >          _connectionKey:
[info] >           '-1:\\\\?\\pipe\\C:\\Users\\Allan\\AndroidStudioProjects\\Kostku\\functions\\12464:-1',
[info] >          [Symbol(IncomingMessage)]: [Function],
[info] >          [Symbol(ServerResponse)]: [Function],
[info] >          [Symbol(asyncId)]: 18 },
[info] >       _server:
[info] >        Server {
[info] >          _events: [Object],
[info] >          _eventsCount: 2,
[info] >          _maxListeners: undefined,
[info] >          _connections: 1,
[info] >          _handle: [Pipe],
[info] >          _usingWorkers: false,
[info] >          _workers: [],
[info] >          _unref: false,
[info] >          allowHalfOpen: true,
[info] >          pauseOnConnect: false,
[info] >          httpAllowHalfOpen: false,
[info] >          timeout: 120000,
[info] >          keepAliveTimeout: 5000,
[info] >          _pendingResponseData: 0,
[info] >          maxHeadersCount: null,
[info] >          headersTimeout: 40000,
[info] >          _pipeName:
[info] >           '\\\\?\\pipe\\C:\\Users\\Allan\\AndroidStudioProjects\\Kostku\\functions\\12464',
[info] >          _connectionKey:
[info] >           '-1:\\\\?\\pipe\\C:\\Users\\Allan\\AndroidStudioProjects\\Kostku\\functions\\12464:-1',
[info] >          [Symbol(IncomingMessage)]: [Function],
[info] >          [Symbol(ServerResponse)]: [Function],
[info] >          [Symbol(asyncId)]: 18 },
[info] >       timeout: 120000,
[info] >       parser:
[info] >        HTTPParser {
[info] >          '0': [Function: parserOnHeaders],
[info] >          '1': [Function: parserOnHeadersComplete],
[info] >          '2': [Function: parserOnBody],
[info] >          '3': [Function: parserOnMessageComplete],
[info] >          '4': [Function: bound onParserExecute],
[info] >          _headers: [],
[info] >          _url: '',
[info] >          socket: [Circular],
[info] >          incoming: [Circular],
[info] >          outgoing: null,
[info] >          maxHeaderPairs: 2000,
[info] >          _consumed: true,
[info] >          onIncoming: [Function: bound parserOnIncoming],
[info] >          parsingHeadersStart: 0,
[info] >          [Symbol(isReused)]: false },
[info] >       on: [Function: socketOnWrap],
[info] >       _paused: false,
[info] >       _httpMessage:
[info] >        ServerResponse {
[info] >          _events: [Object],
[info] >          _eventsCount: 1,
[info] >          _maxListeners: undefined,
[info] >          output: [],
[info] >          outputEncodings: [],
[info] >          outputCallbacks: [],
[info] >          outputSize: 0,
[info] >          writable: true,
[info] >          _last: false,
[info] >          chunkedEncoding: false,
[info] >          shouldKeepAlive: true,
[info] >          useChunkedEncodingByDefault: true,
[info] >          sendDate: true,
[info] >          _removedConnection: false,
[info] >          _removedContLen: false,
[info] >          _removedTE: false,
[info] >          _contentLength: null,
[info] >          _hasBody: true,
[info] >          _trailer: '',
[info] >          finished: false,
[info] >          _headerSent: false,
[info] >          socket: [Circular],
[info] >          connection: [Circular],
[info] >          _header: null,
[info] >          _onPendingData: [Function: bound updateOutgoingData],
[info] >          _sent100: false,
[info] >          _expect_continue: false,
[info] >          req: [Circular],
[info] >          locals: [Object: null prototype] {},
[info] >          [Symbol(isCorked)]: false,
[info] >          [Symbol(outHeadersKey)]: [Object] },
[info] >       [Symbol(asyncId)]: 21,
[info] >       [Symbol(lastWriteQueueSize)]: 0,
[info] >       [Symbol(timeout)]:
[info] >        Timeout {
[info] >          _called: false,
[info] >          _idleTimeout: 120000,
[info] >          _idlePrev: [TimersList],
[info] >          _idleNext: [TimersList],
[info] >          _idleStart: 839,
[info] >          _onTimeout: [Function: bound ],
[info] >          _timerArgs: undefined,
[info] >          _repeat: null,
[info] >          _destroyed: false,
[info] >          [Symbol(unrefed)]: true,
[info] >          [Symbol(asyncId)]: 22,
[info] >          [Symbol(triggerId)]: 21 },
[info] >       [Symbol(kBytesRead)]: 0,
[info] >       [Symbol(kBytesWritten)]: 0 },
[info] >    connection:
[info] >     Socket {
[info] >       connecting: false,
[info] >       _hadError: false,
[info] >       _handle:
[info] >        Pipe {
[info] >          onread: [Function: onStreamRead],
[info] >          reading: true,
[info] >          _consumed: true,
[info] >          [Symbol(owner)]: [Circular] },
[info] >       _parent: null,
[info] >       _host: null,
[info] >       _readableState:
[info] >        ReadableState {
[info] >          objectMode: false,
[info] >          highWaterMark: 16384,
[info] >          buffer: BufferList { head: null, tail: null, length: 0 },
[info] >          length: 0,
[info] >          pipes: null,
[info] >          pipesCount: 0,
[info] >          flowing: true,
[info] >          ended: false,
[info] >          endEmitted: false,
[info] >          reading: true,
[info] >          sync: false,
[info] >          needReadable: true,
[info] >          emittedReadable: false,
[info] >          readableListening: false,
[info] >          resumeScheduled: false,
[info] >          emitClose: false,
[info] >          destroyed: false,
[info] >          defaultEncoding: 'utf8',
[info] >          awaitDrain: 0,
[info] >          readingMore: false,
[info] >          decoder: null,
[info] >          encoding: null },
[info] >       readable: true,
[info] >       _events:
[info] >        [Object: null prototype] {
[info] >          end: [Array],
[info] >          drain: [Array],
[info] >          timeout: [Function: socketOnTimeout],
[info] >          data: [Function: bound socketOnData],
[info] >          error: [Function: socketOnError],
[info] >          close: [Array],
[info] >          resume: [Function: onSocketResume],
[info] >          pause: [Function: onSocketPause] },
[info] >       _eventsCount: 8,
[info] >       _maxListeners: undefined,
[info] >       _writableState:
[info] >        WritableState {
[info] >          objectMode: false,
[info] >          highWaterMark: 16384,
[info] >          finalCalled: false,
[info] >          needDrain: false,
[info] >          ending: false,
[info] >          ended: false,
[info] >          finished: false,
[info] >          destroyed: false,
[info] >          decodeStrings: false,
[info] >          defaultEncoding: 'utf8',
[info] >          length: 0,
[info] >          writing: false,
[info] >          corked: 0,
[info] >          sync: true,
[info] >          bufferProcessing: false,
[info] >          onwrite: [Function: bound onwrite],
[info] >          writecb: null,
[info] >          writelen: 0,
[info] >          bufferedRequest: null,
[info] >          lastBufferedRequest: null,
[info] >          pendingcb: 0,
[info] >          prefinished: false,
[info] >          errorEmitted: false,
[info] >          emitClose: false,
[info] >          bufferedRequestCount: 0,
[info] >          corkedRequestsFree: [Object] },
[info] >       writable: true,
[info] >       allowHalfOpen: true,
[info] >       _sockname: null,
[info] >       _pendingData: null,
[info] >       _pendingEncoding: '',
[info] >       server:
[info] >        Server {
[info] >          _events: [Object],
[info] >          _eventsCount: 2,
[info] >          _maxListeners: undefined,
[info] >          _connections: 1,
[info] >          _handle: [Pipe],
[info] >          _usingWorkers: false,
[info] >          _workers: [],
[info] >          _unref: false,
[info] >          allowHalfOpen: true,
[info] >          pauseOnConnect: false,
[info] >          httpAllowHalfOpen: false,
[info] >          timeout: 120000,
[info] >          keepAliveTimeout: 5000,
[info] >          _pendingResponseData: 0,
[info] >          maxHeadersCount: null,
[info] >          headersTimeout: 40000,
[info] >          _pipeName:
[info] >           '\\\\?\\pipe\\C:\\Users\\Allan\\AndroidStudioProjects\\Kostku\\functions\\12464',
[info] >          _connectionKey:
[info] >           '-1:\\\\?\\pipe\\C:\\Users\\Allan\\AndroidStudioProjects\\Kostku\\functions\\12464:-1',
[info] >          [Symbol(IncomingMessage)]: [Function],
[info] >          [Symbol(ServerResponse)]: [Function],
[info] >          [Symbol(asyncId)]: 18 },
[info] >       _server:
[info] >        Server {
[info] >          _events: [Object],
[info] >          _eventsCount: 2,
[info] >          _maxListeners: undefined,
[info] >          _connections: 1,
[info] >          _handle: [Pipe],
[info] >          _usingWorkers: false,
[info] >          _workers: [],
[info] >          _unref: false,
[info] >          allowHalfOpen: true,
[info] >          pauseOnConnect: false,
[info] >          httpAllowHalfOpen: false,
[info] >          timeout: 120000,
[info] >          keepAliveTimeout: 5000,
[info] >          _pendingResponseData: 0,
[info] >          maxHeadersCount: null,
[info] >          headersTimeout: 40000,
[info] >          _pipeName:
[info] >           '\\\\?\\pipe\\C:\\Users\\Allan\\AndroidStudioProjects\\Kostku\\functions\\12464',
[info] >          _connectionKey:
[info] >           '-1:\\\\?\\pipe\\C:\\Users\\Allan\\AndroidStudioProjects\\Kostku\\functions\\12464:-1',
[info] >          [Symbol(IncomingMessage)]: [Function],
[info] >          [Symbol(ServerResponse)]: [Function],
[info] >          [Symbol(asyncId)]: 18 },
[info] >       timeout: 120000,
[info] >       parser:
[info] >        HTTPParser {
[info] >          '0': [Function: parserOnHeaders],
[info] >          '1': [Function: parserOnHeadersComplete],
[info] >          '2': [Function: parserOnBody],
[info] >          '3': [Function: parserOnMessageComplete],
[info] >          '4': [Function: bound onParserExecute],
[info] >          _headers: [],
[info] >          _url: '',
[info] >          socket: [Circular],
[info] >          incoming: [Circular],
[info] >          outgoing: null,
[info] >          maxHeaderPairs: 2000,
[info] >          _consumed: true,
[info] >          onIncoming: [Function: bound parserOnIncoming],
[info] >          parsingHeadersStart: 0,
[info] >          [Symbol(isReused)]: false },
[info] >       on: [Function: socketOnWrap],
[info] >       _paused: false,
[info] >       _httpMessage:
[info] >        ServerResponse {
[info] >          _events: [Object],
[info] >          _eventsCount: 1,
[info] >          _maxListeners: undefined,
[info] >          output: [],
[info] >          outputEncodings: [],
[info] >          outputCallbacks: [],
[info] >          outputSize: 0,
[info] >          writable: true,
[info] >          _last: false,
[info] >          chunkedEncoding: false,
[info] >          shouldKeepAlive: true,
[info] >          useChunkedEncodingByDefault: true,
[info] >          sendDate: true,
[info] >          _removedConnection: false,
[info] >          _removedContLen: false,
[info] >          _removedTE: false,
[info] >          _contentLength: null,
[info] >          _hasBody: true,
[info] >          _trailer: '',
[info] >          finished: false,
[info] >          _headerSent: false,
[info] >          socket: [Circular],
[info] >          connection: [Circular],
[info] >          _header: null,
[info] >          _onPendingData: [Function: bound updateOutgoingData],
[info] >          _sent100: false,
[info] >          _expect_continue: false,
[info] >          req: [Circular],
[info] >          locals: [Object: null prototype] {},
[info] >          [Symbol(isCorked)]: false,
[info] >          [Symbol(outHeadersKey)]: [Object] },
[info] >       [Symbol(asyncId)]: 21,
[info] >       [Symbol(lastWriteQueueSize)]: 0,
[info] >       [Symbol(timeout)]:
[info] >        Timeout {
[info] >          _called: false,
[info] >          _idleTimeout: 120000,
[info] >          _idlePrev: [TimersList],
[info] >          _idleNext: [TimersList],
[info] >          _idleStart: 839,
[info] >          _onTimeout: [Function: bound ],
[info] >          _timerArgs: undefined,
[info] >          _repeat: null,
[info] >          _destroyed: false,
[info] >          [Symbol(unrefed)]: true,
[info] >          [Symbol(asyncId)]: 22,
[info] >          [Symbol(triggerId)]: 21 },
[info] >       [Symbol(kBytesRead)]: 0,
[info] >       [Symbol(kBytesWritten)]: 0 },
[info] >    httpVersionMajor: 1,
[info] >    httpVersionMinor: 1,
[info] >    httpVersion: '1.1',
[info] >    complete: false,
[info] >    headers:
[info] >     { host: 'localhost:5000',
[info] >       connection: 'keep-alive',
[info] >       dnt: '1',
[info] >       'upgrade-insecure-requests': '1',
[info] >       'user-agent':
[info] >        'Mozilla/5.0 (Windows NT 10.0; Win64; x64) AppleWebKit/537.36 (KHTML, like Gecko) Chrome/78.0.3904.97 Safari/537.36',
[info] >       'sec-fetch-user': '?1',
[info] >       accept:
[info] >        'text/html,application/xhtml+xml,application/xml;q=0.9,image/webp,image/apng,*/*;q=0.8,application/signed-exchange;v=b3',
[info] >       'sec-fetch-site': 'none',
[info] >       'sec-fetch-mode': 'navigate',
[info] >       'accept-encoding': 'gzip, deflate, br',
[info] >       'accept-language': 'en-US,en;q=0.9,id;q=0.8' },
[info] >    rawHeaders:
[info] >     [ 'host',
[info] >       'localhost:5000',
[info] >       'connection',
[info] >       'keep-alive',
[info] >       'dnt',
[info] >       '1',
[info] >       'upgrade-insecure-requests',
[info] >       '1',
[info] >       'user-agent',
[info] >       'Mozilla/5.0 (Windows NT 10.0; Win64; x64) AppleWebKit/537.36 (KHTML, like Gecko) Chrome/78.0.3904.97 Safari/537.36',
[info] >       'sec-fetch-user',
[info] >       '?1',
[info] >       'accept',
[info] >       'text/html,application/xhtml+xml,application/xml;q=0.9,image/webp,image/apng,*/*;q=0.8,application/signed-exchange;v=b3',
[info] >       'sec-fetch-site',
[info] >       'none',
[info] >       'sec-fetch-mode',
[info] >       'navigate',
[info] >       'accept-encoding',
[info] >       'gzip, deflate, br',
[info] >       'accept-language',
[info] >       'en-US,en;q=0.9,id;q=0.8' ],
[info] >    trailers: {},
[info] >    rawTrailers: [],
[info] >    aborted: false,
[info] >    upgrade: false,
[info] >    url: '/',
[info] >    method: 'GET',
[info] >    statusCode: null,
[info] >    statusMessage: null,
[info] >    client:
[info] >     Socket {
[info] >       connecting: false,
[info] >       _hadError: false,
[info] >       _handle:
[info] >        Pipe {
[info] >          onread: [Function: onStreamRead],
[info] >          reading: true,
[info] >          _consumed: true,
[info] >          [Symbol(owner)]: [Circular] },
[info] >       _parent: null,
[info] >       _host: null,
[info] >       _readableState:
[info] >        ReadableState {
[info] >          objectMode: false,
[info] >          highWaterMark: 16384,
[info] >          buffer: BufferList { head: null, tail: null, length: 0 },
[info] >          length: 0,
[info] >          pipes: null,
[info] >          pipesCount: 0,
[info] >          flowing: true,
[info] >          ended: false,
[info] >          endEmitted: false,
[info] >          reading: true,
[info] >          sync: false,
[info] >          needReadable: true,
[info] >          emittedReadable: false,
[info] >          readableListening: false,
[info] >          resumeScheduled: false,
[info] >          emitClose: false,
[info] >          destroyed: false,
[info] >          defaultEncoding: 'utf8',
[info] >          awaitDrain: 0,
[info] >          readingMore: false,
[info] >          decoder: null,
[info] >          encoding: null },
[info] >       readable: true,
[info] >       _events:
[info] >        [Object: null prototype] {
[info] >          end: [Array],
[info] >          drain: [Array],
[info] >          timeout: [Function: socketOnTimeout],
[info] >          data: [Function: bound socketOnData],
[info] >          error: [Function: socketOnError],
[info] >          close: [Array],
[info] >          resume: [Function: onSocketResume],
[info] >          pause: [Function: onSocketPause] },
[info] >       _eventsCount: 8,
[info] >       _maxListeners: undefined,
[info] >       _writableState:
[info] >        WritableState {
[info] >          objectMode: false,
[info] >          highWaterMark: 16384,
[info] >          finalCalled: false,
[info] >          needDrain: false,
[info] >          ending: false,
[info] >          ended: false,
[info] >          finished: false,
[info] >          destroyed: false,
[info] >          decodeStrings: false,
[info] >          defaultEncoding: 'utf8',
[info] >          length: 0,
[info] >          writing: false,
[info] >          corked: 0,
[info] >          sync: true,
[info] >          bufferProcessing: false,
[info] >          onwrite: [Function: bound onwrite],
[info] >          writecb: null,
[info] >          writelen: 0,
[info] >          bufferedRequest: null,
[info] >          lastBufferedRequest: null,
[info] >          pendingcb: 0,
[info] >          prefinished: false,
[info] >          errorEmitted: false,
[info] >          emitClose: false,
[info] >          bufferedRequestCount: 0,
[info] >          corkedRequestsFree: [Object] },
[info] >       writable: true,
[info] >       allowHalfOpen: true,
[info] >       _sockname: null,
[info] >       _pendingData: null,
[info] >       _pendingEncoding: '',
[info] >       server:
[info] >        Server {
[info] >          _events: [Object],
[info] >          _eventsCount: 2,
[info] >          _maxListeners: undefined,
[info] >          _connections: 1,
[info] >          _handle: [Pipe],
[info] >          _usingWorkers: false,
[info] >          _workers: [],
[info] >          _unref: false,
[info] >          allowHalfOpen: true,
[info] >          pauseOnConnect: false,
[info] >          httpAllowHalfOpen: false,
[info] >          timeout: 120000,
[info] >          keepAliveTimeout: 5000,
[info] >          _pendingResponseData: 0,
[info] >          maxHeadersCount: null,
[info] >          headersTimeout: 40000,
[info] >          _pipeName:
[info] >           '\\\\?\\pipe\\C:\\Users\\Allan\\AndroidStudioProjects\\Kostku\\functions\\12464',
[info] >          _connectionKey:
[info] >           '-1:\\\\?\\pipe\\C:\\Users\\Allan\\AndroidStudioProjects\\Kostku\\functions\\12464:-1',
[info] >          [Symbol(IncomingMessage)]: [Function],
[info] >          [Symbol(ServerResponse)]: [Function],
[info] >          [Symbol(asyncId)]: 18 },
[info] >       _server:
[info] >        Server {
[info] >          _events: [Object],
[info] >          _eventsCount: 2,
[info] >          _maxListeners: undefined,
[info] >          _connections: 1,
[info] >          _handle: [Pipe],
[info] >          _usingWorkers: false,
[info] >          _workers: [],
[info] >          _unref: false,
[info] >          allowHalfOpen: true,
[info] >          pauseOnConnect: false,
[info] >          httpAllowHalfOpen: false,
[info] >          timeout: 120000,
[info] >          keepAliveTimeout: 5000,
[info] >          _pendingResponseData: 0,
[info] >          maxHeadersCount: null,
[info] >          headersTimeout: 40000,
[info] >          _pipeName:
[info] >           '\\\\?\\pipe\\C:\\Users\\Allan\\AndroidStudioProjects\\Kostku\\functions\\12464',
[info] >          _connectionKey:
[info] >           '-1:\\\\?\\pipe\\C:\\Users\\Allan\\AndroidStudioProjects\\Kostku\\functions\\12464:-1',
[info] >          [Symbol(IncomingMessage)]: [Function],
[info] >          [Symbol(ServerResponse)]: [Function],
[info] >          [Symbol(asyncId)]: 18 },
[info] >       timeout: 120000,
[info] >       parser:
[info] >        HTTPParser {
[info] >          '0': [Function: parserOnHeaders],
[info] >          '1': [Function: parserOnHeadersComplete],
[info] >          '2': [Function: parserOnBody],
[info] >          '3': [Function: parserOnMessageComplete],
[info] >          '4': [Function: bound onParserExecute],
[info] >          _headers: [],
[info] >          _url: '',
[info] >          socket: [Circular],
[info] >          incoming: [Circular],
[info] >          outgoing: null,
[info] >          maxHeaderPairs: 2000,
[info] >          _consumed: true,
[info] >          onIncoming: [Function: bound parserOnIncoming],
[info] >          parsingHeadersStart: 0,
[info] >          [Symbol(isReused)]: false },
[info] >       on: [Function: socketOnWrap],
[info] >       _paused: false,
[info] >       _httpMessage:
[info] >        ServerResponse {
[info] >          _events: [Object],
[info] >          _eventsCount: 1,
[info] >          _maxListeners: undefined,
[info] >          output: [],
[info] >          outputEncodings: [],
[info] >          outputCallbacks: [],
[info] >          outputSize: 0,
[info] >          writable: true,
[info] >          _last: false,
[info] >          chunkedEncoding: false,
[info] >          shouldKeepAlive: true,
[info] >          useChunkedEncodingByDefault: true,
[info] >          sendDate: true,
[info] >          _removedConnection: false,
[info] >          _removedContLen: false,
[info] >          _removedTE: false,
[info] >          _contentLength: null,
[info] >          _hasBody: true,
[info] >          _trailer: '',
[info] >          finished: false,
[info] >          _headerSent: false,
[info] >          socket: [Circular],
[info] >          connection: [Circular],
[info] >          _header: null,
[info] >          _onPendingData: [Function: bound updateOutgoingData],
[info] >          _sent100: false,
[info] >          _expect_continue: false,
[info] >          req: [Circular],
[info] >          locals: [Object: null prototype] {},
[info] >          [Symbol(isCorked)]: false,
[info] >          [Symbol(outHeadersKey)]: [Object] },
[info] >       [Symbol(asyncId)]: 21,
[info] >       [Symbol(lastWriteQueueSize)]: 0,
[info] >       [Symbol(timeout)]:
[info] >        Timeout {
[info] >          _called: false,
[info] >          _idleTimeout: 120000,
[info] >          _idlePrev: [TimersList],
[info] >          _idleNext: [TimersList],
[info] >          _idleStart: 839,
[info] >          _onTimeout: [Function: bound ],
[info] >          _timerArgs: undefined,
[info] >          _repeat: null,
[info] >          _destroyed: false,
[info] >          [Symbol(unrefed)]: true,
[info] >          [Symbol(asyncId)]: 22,
[info] >          [Symbol(triggerId)]: 21 },
[info] >       [Symbol(kBytesRead)]: 0,
[info] >       [Symbol(kBytesWritten)]: 0 },
[info] >    _consuming: false,
[info] >    _dumped: false,
[info] >    next: [Function: next],
[info] >    baseUrl: '/kostku-d9d46/asia-east2/addMerchant',
[info] >    originalUrl: '/kostku-d9d46/asia-east2/addMerchant',
[info] >    _parsedUrl:
[info] >     Url {
[info] >       protocol: null,
[info] >       slashes: null,
[info] >       auth: null,
[info] >       host: null,
[info] >       port: null,
[info] >       hostname: null,
[info] >       hash: null,
[info] >       search: null,
[info] >       query: null,
[info] >       pathname: '/',
[info] >       path: '/',
[info] >       href: '/',
[info] >       _raw: '/' },
[info] >    params: { '0': '/' },
[info] >    query: {},
[info] >    res:
[info] >     ServerResponse {
[info] >       _events: [Object: null prototype] { finish: [Array] },
[info] >       _eventsCount: 1,
[info] >       _maxListeners: undefined,
[info] >       output: [],
[info] >       outputEncodings: [],
[info] >       outputCallbacks: [],
[info] >       outputSize: 0,
[info] >       writable: true,
[info] >       _last: false,
[info] >       chunkedEncoding: false,
[info] >       shouldKeepAlive: true,
[info] >       useChunkedEncodingByDefault: true,
[info] >       sendDate: true,
[info] >       _removedConnection: false,
[info] >       _removedContLen: false,
[info] >       _removedTE: false,
[info] >       _contentLength: null,
[info] >       _hasBody: true,
[info] >       _trailer: '',
[info] >       finished: false,
[info] >       _headerSent: false,
[info] >       socket:
[info] >        Socket {
[info] >          connecting: false,
[info] >          _hadError: false,
[info] >          _handle: [Pipe],
[info] >          _parent: null,
[info] >          _host: null,
[info] >          _readableState: [ReadableState],
[info] >          readable: true,
[info] >          _events: [Object],
[info] >          _eventsCount: 8,
[info] >          _maxListeners: undefined,
[info] >          _writableState: [WritableState],
[info] >          writable: true,
[info] >          allowHalfOpen: true,
[info] >          _sockname: null,
[info] >          _pendingData: null,
[info] >          _pendingEncoding: '',
[info] >          server: [Server],
[info] >          _server: [Server],
[info] >          timeout: 120000,
[info] >          parser: [HTTPParser],
[info] >          on: [Function: socketOnWrap],
[info] >          _paused: false,
[info] >          _httpMessage: [Circular],
[info] >          [Symbol(asyncId)]: 21,
[info] >          [Symbol(lastWriteQueueSize)]: 0,
[info] >          [Symbol(timeout)]:
[info] >           Timeout {
[info] >             _called: false,
[info] >             _idleTimeout: 120000,
[info] >             _idlePrev: [TimersList],
[info] >             _idleNext: [TimersList],
[info] >             _idleStart: 839,
[info] >             _onTimeout: [Function: bound ],
[info] >             _timerArgs: undefined,
[info] >             _repeat: null,
[info] >             _destroyed: false,
[info] >             [Symbol(unrefed)]: true,
[info] >             [Symbol(asyncId)]: 22,
[info] >             [Symbol(triggerId)]: 21 },
[info] >          [Symbol(kBytesRead)]: 0,
[info] >          [Symbol(kBytesWritten)]: 0 },
[info] >       connection:
[info] >        Socket {
[info] >          connecting: false,
[info] >          _hadError: false,
[info] >          _handle: [Pipe],
[info] >          _parent: null,
[info] >          _host: null,
[info] >          _readableState: [ReadableState],
[info] >          readable: true,
[info] >          _events: [Object],
[info] >          _eventsCount: 8,
[info] >          _maxListeners: undefined,
[info] >          _writableState: [WritableState],
[info] >          writable: true,
[info] >          allowHalfOpen: true,
[info] >          _sockname: null,
[info] >          _pendingData: null,
[info] >          _pendingEncoding: '',
[info] >          server: [Server],
[info] >          _server: [Server],
[info] >          timeout: 120000,
[info] >          parser: [HTTPParser],
[info] >          on: [Function: socketOnWrap],
[info] >          _paused: false,
[info] >          _httpMessage: [Circular],
[info] >          [Symbol(asyncId)]: 21,
[info] >          [Symbol(lastWriteQueueSize)]: 0,
[info] >          [Symbol(timeout)]:
[info] >           Timeout {
[info] >             _called: false,
[info] >             _idleTimeout: 120000,
[info] >             _idlePrev: [TimersList],
[info] >             _idleNext: [TimersList],
[info] >             _idleStart: 839,
[info] >             _onTimeout: [Function: bound ],
[info] >             _timerArgs: undefined,
[info] >             _repeat: null,
[info] >             _destroyed: false,
[info] >             [Symbol(unrefed)]: true,
[info] >             [Symbol(asyncId)]: 22,
[info] >             [Symbol(triggerId)]: 21 },
[info] >          [Symbol(kBytesRead)]: 0,
[info] >          [Symbol(kBytesWritten)]: 0 },
[info] >       _header: null,
[info] >       _onPendingData: [Function: bound updateOutgoingData],
[info] >       _sent100: false,
[info] >       _expect_continue: false,
[info] >       req: [Circular],
[info] >       locals: [Object: null prototype] {},
[info] >       [Symbol(isCorked)]: false,
[info] >       [Symbol(outHeadersKey)]:
[info] >        [Object: null prototype] { 'x-powered-by': [Array], vary: [Array] } },
[info] >    body: {},
[info] >    route:
[info] >     Route { path: '*', stack: [ [Layer] ], methods: { _all: true } } }
[debug] [2019-11-16T16:27:13.673Z] [runtime-status] Ephemeral server survived. {}
[info] i  functions: Finished "addMerchant" in ~1s
[debug] [2019-11-16T16:27:13.676Z] [worker-addMerchant-c9ecd8b0-1784-44f0-92e3-75579fc75462]: IDLE
[debug] [2019-11-16T16:27:49.466Z] Accepted request GET /kostku-d9d46/us-central1/createNewUser --> createNewUser
[debug] [2019-11-16T16:27:49.472Z] [worker-createNewUser-d7386a8a-5442-4298-8cae-dad1d0b122b2]: BUSY
[debug] [2019-11-16T16:27:49.978Z] [runtime-status] Functions runtime initialized. {"cwd":"C:\\Users\\Allan\\AndroidStudioProjects\\Kostku\\functions","node_version":"10.15.0"}
[debug] [2019-11-16T16:27:49.981Z] [runtime-status] Disabled runtime features: {"functions_config_helper":true,"network_filtering":true,"timeout":true,"memory_limiting":true,"admin_stubs":true} {}
[debug] [2019-11-16T16:27:49.985Z] [runtime-status] Resolved module firebase-admin {"declared":true,"installed":true,"version":"8.7.0","resolution":"C:\\Users\\Allan\\AndroidStudioProjects\\Kostku\\functions\\node_modules\\firebase-admin\\lib\\index.js"}
[debug] [2019-11-16T16:27:49.988Z] [runtime-status] Resolved module firebase-functions {"declared":true,"installed":true,"version":"3.3.0","resolution":"C:\\Users\\Allan\\AndroidStudioProjects\\Kostku\\functions\\node_modules\\firebase-functions\\lib\\index.js"}
[debug] [2019-11-16T16:27:49.989Z] [runtime-status] Resolved module firebase-functions {"declared":true,"installed":true,"version":"3.3.0","resolution":"C:\\Users\\Allan\\AndroidStudioProjects\\Kostku\\functions\\node_modules\\firebase-functions\\lib\\index.js"}
[debug] [2019-11-16T16:27:50.160Z] [runtime-status] Trigger "createNewUser" has been found, beginning invocation! {}
[info] i  functions: Beginning execution of "createNewUser"
[debug] [2019-11-16T16:27:50.161Z] [runtime-status]  {"httpsTrigger":{},"labels":{"deployment-callable":"true"},"name":"createNewUser","entryPoint":"createNewUser"}
[debug] [2019-11-16T16:27:50.161Z] [runtime-status] Running createNewUser in mode HTTPS {}
[debug] [2019-11-16T16:27:50.170Z] {"socketPath":"\\\\?\\pipe\\C:\\Users\\Allan\\AndroidStudioProjects\\Kostku\\functions\\8908"}
[debug] [2019-11-16T16:27:50.172Z] [functions] Runtime ready! Sending request! {"socketPath":"\\\\?\\pipe\\C:\\Users\\Allan\\AndroidStudioProjects\\Kostku\\functions\\8908"}
[debug] [2019-11-16T16:27:50.182Z] [runtime-status] Ephemeral server used! {}
[info] >  Request has invalid method. GET
[info] >  Invalid request IncomingMessage {
[info] >    _readableState:
[info] >     ReadableState {
[info] >       objectMode: false,
[info] >       highWaterMark: 16384,
[info] >       buffer: BufferList { head: null, tail: null, length: 0 },
[info] >       length: 0,
[info] >       pipes: null,
[info] >       pipesCount: 0,
[info] >       flowing: null,
[info] >       ended: false,
[info] >       endEmitted: false,
[info] >       reading: false,
[info] >       sync: true,
[info] >       needReadable: false,
[info] >       emittedReadable: false,
[info] >       readableListening: false,
[info] >       resumeScheduled: false,
[info] >       emitClose: true,
[info] >       destroyed: false,
[info] >       defaultEncoding: 'utf8',
[info] >       awaitDrain: 0,
[info] >       readingMore: true,
[info] >       decoder: null,
[info] >       encoding: null },
[info] >    readable: true,
[info] >    _events: [Object: null prototype] {},
[info] >    _eventsCount: 0,
[info] >    _maxListeners: undefined,
[info] >    socket:
[info] >     Socket {
[info] >       connecting: false,
[info] >       _hadError: false,
[info] >       _handle:
[info] >        Pipe {
[info] >          onread: [Function: onStreamRead],
[info] >          reading: true,
[info] >          _consumed: true,
[info] >          [Symbol(owner)]: [Circular] },
[info] >       _parent: null,
[info] >       _host: null,
[info] >       _readableState:
[info] >        ReadableState {
[info] >          objectMode: false,
[info] >          highWaterMark: 16384,
[info] >          buffer: BufferList { head: null, tail: null, length: 0 },
[info] >          length: 0,
[info] >          pipes: null,
[info] >          pipesCount: 0,
[info] >          flowing: true,
[info] >          ended: false,
[info] >          endEmitted: false,
[info] >          reading: true,
[info] >          sync: false,
[info] >          needReadable: true,
[info] >          emittedReadable: false,
[info] >          readableListening: false,
[info] >          resumeScheduled: false,
[info] >          emitClose: false,
[info] >          destroyed: false,
[info] >          defaultEncoding: 'utf8',
[info] >          awaitDrain: 0,
[info] >          readingMore: false,
[info] >          decoder: null,
[info] >          encoding: null },
[info] >       readable: true,
[info] >       _events:
[info] >        [Object: null prototype] {
[info] >          end: [Array],
[info] >          drain: [Array],
[info] >          timeout: [Function: socketOnTimeout],
[info] >          data: [Function: bound socketOnData],
[info] >          error: [Function: socketOnError],
[info] >          close: [Array],
[info] >          resume: [Function: onSocketResume],
[info] >          pause: [Function: onSocketPause] },
[info] >       _eventsCount: 8,
[info] >       _maxListeners: undefined,
[info] >       _writableState:
[info] >        WritableState {
[info] >          objectMode: false,
[info] >          highWaterMark: 16384,
[info] >          finalCalled: false,
[info] >          needDrain: false,
[info] >          ending: false,
[info] >          ended: false,
[info] >          finished: false,
[info] >          destroyed: false,
[info] >          decodeStrings: false,
[info] >          defaultEncoding: 'utf8',
[info] >          length: 0,
[info] >          writing: false,
[info] >          corked: 0,
[info] >          sync: true,
[info] >          bufferProcessing: false,
[info] >          onwrite: [Function: bound onwrite],
[info] >          writecb: null,
[info] >          writelen: 0,
[info] >          bufferedRequest: null,
[info] >          lastBufferedRequest: null,
[info] >          pendingcb: 0,
[info] >          prefinished: false,
[info] >          errorEmitted: false,
[info] >          emitClose: false,
[info] >          bufferedRequestCount: 0,
[info] >          corkedRequestsFree: [Object] },
[info] >       writable: true,
[info] >       allowHalfOpen: true,
[info] >       _sockname: null,
[info] >       _pendingData: null,
[info] >       _pendingEncoding: '',
[info] >       server:
[info] >        Server {
[info] >          _events: [Object],
[info] >          _eventsCount: 2,
[info] >          _maxListeners: undefined,
[info] >          _connections: 1,
[info] >          _handle: [Pipe],
[info] >          _usingWorkers: false,
[info] >          _workers: [],
[info] >          _unref: false,
[info] >          allowHalfOpen: true,
[info] >          pauseOnConnect: false,
[info] >          httpAllowHalfOpen: false,
[info] >          timeout: 120000,
[info] >          keepAliveTimeout: 5000,
[info] >          _pendingResponseData: 0,
[info] >          maxHeadersCount: null,
[info] >          headersTimeout: 40000,
[info] >          _pipeName:
[info] >           '\\\\?\\pipe\\C:\\Users\\Allan\\AndroidStudioProjects\\Kostku\\functions\\8908',
[info] >          _connectionKey:
[info] >           '-1:\\\\?\\pipe\\C:\\Users\\Allan\\AndroidStudioProjects\\Kostku\\functions\\8908:-1',
[info] >          [Symbol(IncomingMessage)]: [Function],
[info] >          [Symbol(ServerResponse)]: [Function],
[info] >          [Symbol(asyncId)]: 18 },
[info] >       _server:
[info] >        Server {
[info] >          _events: [Object],
[info] >          _eventsCount: 2,
[info] >          _maxListeners: undefined,
[info] >          _connections: 1,
[info] >          _handle: [Pipe],
[info] >          _usingWorkers: false,
[info] >          _workers: [],
[info] >          _unref: false,
[info] >          allowHalfOpen: true,
[info] >          pauseOnConnect: false,
[info] >          httpAllowHalfOpen: false,
[info] >          timeout: 120000,
[info] >          keepAliveTimeout: 5000,
[info] >          _pendingResponseData: 0,
[info] >          maxHeadersCount: null,
[info] >          headersTimeout: 40000,
[info] >          _pipeName:
[info] >           '\\\\?\\pipe\\C:\\Users\\Allan\\AndroidStudioProjects\\Kostku\\functions\\8908',
[info] >          _connectionKey:
[info] >           '-1:\\\\?\\pipe\\C:\\Users\\Allan\\AndroidStudioProjects\\Kostku\\functions\\8908:-1',
[info] >          [Symbol(IncomingMessage)]: [Function],
[info] >          [Symbol(ServerResponse)]: [Function],
[info] >          [Symbol(asyncId)]: 18 },
[info] >       timeout: 120000,
[info] >       parser:
[info] >        HTTPParser {
[info] >          '0': [Function: parserOnHeaders],
[info] >          '1': [Function: parserOnHeadersComplete],
[info] >          '2': [Function: parserOnBody],
[info] >          '3': [Function: parserOnMessageComplete],
[info] >          '4': [Function: bound onParserExecute],
[info] >          _headers: [],
[info] >          _url: '',
[info] >          socket: [Circular],
[info] >          incoming: [Circular],
[info] >          outgoing: null,
[info] >          maxHeaderPairs: 2000,
[info] >          _consumed: true,
[info] >          onIncoming: [Function: bound parserOnIncoming],
[info] >          parsingHeadersStart: 0,
[info] >          [Symbol(isReused)]: false },
[info] >       on: [Function: socketOnWrap],
[info] >       _paused: false,
[info] >       _httpMessage:
[info] >        ServerResponse {
[info] >          _events: [Object],
[info] >          _eventsCount: 1,
[info] >          _maxListeners: undefined,
[info] >          output: [],
[info] >          outputEncodings: [],
[info] >          outputCallbacks: [],
[info] >          outputSize: 0,
[info] >          writable: true,
[info] >          _last: false,
[info] >          chunkedEncoding: false,
[info] >          shouldKeepAlive: true,
[info] >          useChunkedEncodingByDefault: true,
[info] >          sendDate: true,
[info] >          _removedConnection: false,
[info] >          _removedContLen: false,
[info] >          _removedTE: false,
[info] >          _contentLength: null,
[info] >          _hasBody: true,
[info] >          _trailer: '',
[info] >          finished: false,
[info] >          _headerSent: false,
[info] >          socket: [Circular],
[info] >          connection: [Circular],
[info] >          _header: null,
[info] >          _onPendingData: [Function: bound updateOutgoingData],
[info] >          _sent100: false,
[info] >          _expect_continue: false,
[info] >          req: [Circular],
[info] >          locals: [Object: null prototype] {},
[info] >          [Symbol(isCorked)]: false,
[info] >          [Symbol(outHeadersKey)]: [Object] },
[info] >       [Symbol(asyncId)]: 21,
[info] >       [Symbol(lastWriteQueueSize)]: 0,
[info] >       [Symbol(timeout)]:
[info] >        Timeout {
[info] >          _called: false,
[info] >          _idleTimeout: 120000,
[info] >          _idlePrev: [TimersList],
[info] >          _idleNext: [TimersList],
[info] >          _idleStart: 692,
[info] >          _onTimeout: [Function: bound ],
[info] >          _timerArgs: undefined,
[info] >          _repeat: null,
[info] >          _destroyed: false,
[info] >          [Symbol(unrefed)]: true,
[info] >          [Symbol(asyncId)]: 22,
[info] >          [Symbol(triggerId)]: 21 },
[info] >       [Symbol(kBytesRead)]: 0,
[info] >       [Symbol(kBytesWritten)]: 0 },
[info] >    connection:
[info] >     Socket {
[info] >       connecting: false,
[info] >       _hadError: false,
[info] >       _handle:
[info] >        Pipe {
[info] >          onread: [Function: onStreamRead],
[info] >          reading: true,
[info] >          _consumed: true,
[info] >          [Symbol(owner)]: [Circular] },
[info] >       _parent: null,
[info] >       _host: null,
[info] >       _readableState:
[info] >        ReadableState {
[info] >          objectMode: false,
[info] >          highWaterMark: 16384,
[info] >          buffer: BufferList { head: null, tail: null, length: 0 },
[info] >          length: 0,
[info] >          pipes: null,
[info] >          pipesCount: 0,
[info] >          flowing: true,
[info] >          ended: false,
[info] >          endEmitted: false,
[info] >          reading: true,
[info] >          sync: false,
[info] >          needReadable: true,
[info] >          emittedReadable: false,
[info] >          readableListening: false,
[info] >          resumeScheduled: false,
[info] >          emitClose: false,
[info] >          destroyed: false,
[info] >          defaultEncoding: 'utf8',
[info] >          awaitDrain: 0,
[info] >          readingMore: false,
[info] >          decoder: null,
[info] >          encoding: null },
[info] >       readable: true,
[info] >       _events:
[info] >        [Object: null prototype] {
[info] >          end: [Array],
[info] >          drain: [Array],
[info] >          timeout: [Function: socketOnTimeout],
[info] >          data: [Function: bound socketOnData],
[info] >          error: [Function: socketOnError],
[info] >          close: [Array],
[info] >          resume: [Function: onSocketResume],
[info] >          pause: [Function: onSocketPause] },
[info] >       _eventsCount: 8,
[info] >       _maxListeners: undefined,
[info] >       _writableState:
[info] >        WritableState {
[info] >          objectMode: false,
[info] >          highWaterMark: 16384,
[info] >          finalCalled: false,
[info] >          needDrain: false,
[info] >          ending: false,
[info] >          ended: false,
[info] >          finished: false,
[info] >          destroyed: false,
[info] >          decodeStrings: false,
[info] >          defaultEncoding: 'utf8',
[info] >          length: 0,
[info] >          writing: false,
[info] >          corked: 0,
[info] >          sync: true,
[info] >          bufferProcessing: false,
[info] >          onwrite: [Function: bound onwrite],
[info] >          writecb: null,
[info] >          writelen: 0,
[info] >          bufferedRequest: null,
[info] >          lastBufferedRequest: null,
[info] >          pendingcb: 0,
[info] >          prefinished: false,
[info] >          errorEmitted: false,
[info] >          emitClose: false,
[info] >          bufferedRequestCount: 0,
[info] >          corkedRequestsFree: [Object] },
[info] >       writable: true,
[info] >       allowHalfOpen: true,
[info] >       _sockname: null,
[info] >       _pendingData: null,
[info] >       _pendingEncoding: '',
[info] >       server:
[info] >        Server {
[info] >          _events: [Object],
[info] >          _eventsCount: 2,
[info] >          _maxListeners: undefined,
[info] >          _connections: 1,
[info] >          _handle: [Pipe],
[info] >          _usingWorkers: false,
[info] >          _workers: [],
[info] >          _unref: false,
[info] >          allowHalfOpen: true,
[info] >          pauseOnConnect: false,
[info] >          httpAllowHalfOpen: false,
[info] >          timeout: 120000,
[info] >          keepAliveTimeout: 5000,
[info] >          _pendingResponseData: 0,
[info] >          maxHeadersCount: null,
[info] >          headersTimeout: 40000,
[info] >          _pipeName:
[info] >           '\\\\?\\pipe\\C:\\Users\\Allan\\AndroidStudioProjects\\Kostku\\functions\\8908',
[info] >          _connectionKey:
[info] >           '-1:\\\\?\\pipe\\C:\\Users\\Allan\\AndroidStudioProjects\\Kostku\\functions\\8908:-1',
[info] >          [Symbol(IncomingMessage)]: [Function],
[info] >          [Symbol(ServerResponse)]: [Function],
[info] >          [Symbol(asyncId)]: 18 },
[info] >       _server:
[info] >        Server {
[info] >          _events: [Object],
[info] >          _eventsCount: 2,
[info] >          _maxListeners: undefined,
[info] >          _connections: 1,
[info] >          _handle: [Pipe],
[info] >          _usingWorkers: false,
[info] >          _workers: [],
[info] >          _unref: false,
[info] >          allowHalfOpen: true,
[info] >          pauseOnConnect: false,
[info] >          httpAllowHalfOpen: false,
[info] >          timeout: 120000,
[info] >          keepAliveTimeout: 5000,
[info] >          _pendingResponseData: 0,
[info] >          maxHeadersCount: null,
[info] >          headersTimeout: 40000,
[info] >          _pipeName:
[info] >           '\\\\?\\pipe\\C:\\Users\\Allan\\AndroidStudioProjects\\Kostku\\functions\\8908',
[info] >          _connectionKey:
[info] >           '-1:\\\\?\\pipe\\C:\\Users\\Allan\\AndroidStudioProjects\\Kostku\\functions\\8908:-1',
[info] >          [Symbol(IncomingMessage)]: [Function],
[info] >          [Symbol(ServerResponse)]: [Function],
[info] >          [Symbol(asyncId)]: 18 },
[info] >       timeout: 120000,
[info] >       parser:
[info] >        HTTPParser {
[info] >          '0': [Function: parserOnHeaders],
[info] >          '1': [Function: parserOnHeadersComplete],
[info] >          '2': [Function: parserOnBody],
[info] >          '3': [Function: parserOnMessageComplete],
[info] >          '4': [Function: bound onParserExecute],
[info] >          _headers: [],
[info] >          _url: '',
[info] >          socket: [Circular],
[info] >          incoming: [Circular],
[info] >          outgoing: null,
[info] >          maxHeaderPairs: 2000,
[info] >          _consumed: true,
[info] >          onIncoming: [Function: bound parserOnIncoming],
[info] >          parsingHeadersStart: 0,
[info] >          [Symbol(isReused)]: false },
[info] >       on: [Function: socketOnWrap],
[info] >       _paused: false,
[info] >       _httpMessage:
[info] >        ServerResponse {
[info] >          _events: [Object],
[info] >          _eventsCount: 1,
[info] >          _maxListeners: undefined,
[info] >          output: [],
[info] >          outputEncodings: [],
[info] >          outputCallbacks: [],
[info] >          outputSize: 0,
[info] >          writable: true,
[info] >          _last: false,
[info] >          chunkedEncoding: false,
[info] >          shouldKeepAlive: true,
[info] >          useChunkedEncodingByDefault: true,
[info] >          sendDate: true,
[info] >          _removedConnection: false,
[info] >          _removedContLen: false,
[info] >          _removedTE: false,
[info] >          _contentLength: null,
[info] >          _hasBody: true,
[info] >          _trailer: '',
[info] >          finished: false,
[info] >          _headerSent: false,
[info] >          socket: [Circular],
[info] >          connection: [Circular],
[info] >          _header: null,
[info] >          _onPendingData: [Function: bound updateOutgoingData],
[info] >          _sent100: false,
[info] >          _expect_continue: false,
[info] >          req: [Circular],
[info] >          locals: [Object: null prototype] {},
[info] >          [Symbol(isCorked)]: false,
[info] >          [Symbol(outHeadersKey)]: [Object] },
[info] >       [Symbol(asyncId)]: 21,
[info] >       [Symbol(lastWriteQueueSize)]: 0,
[info] >       [Symbol(timeout)]:
[info] >        Timeout {
[info] >          _called: false,
[info] >          _idleTimeout: 120000,
[info] >          _idlePrev: [TimersList],
[info] >          _idleNext: [TimersList],
[info] >          _idleStart: 692,
[info] >          _onTimeout: [Function: bound ],
[info] >          _timerArgs: undefined,
[info] >          _repeat: null,
[info] >          _destroyed: false,
[info] >          [Symbol(unrefed)]: true,
[info] >          [Symbol(asyncId)]: 22,
[info] >          [Symbol(triggerId)]: 21 },
[info] >       [Symbol(kBytesRead)]: 0,
[info] >       [Symbol(kBytesWritten)]: 0 },
[info] >    httpVersionMajor: 1,
[info] >    httpVersionMinor: 1,
[info] >    httpVersion: '1.1',
[info] >    complete: false,
[info] >    headers:
[info] >     { host: 'localhost:5000',
[info] >       connection: 'keep-alive',
[info] >       dnt: '1',
[info] >       'upgrade-insecure-requests': '1',
[info] >       'user-agent':
[info] >        'Mozilla/5.0 (Windows NT 10.0; Win64; x64) AppleWebKit/537.36 (KHTML, like Gecko) Chrome/78.0.3904.97 Safari/537.36',
[info] >       'sec-fetch-user': '?1',
[info] >       accept:
[info] >        'text/html,application/xhtml+xml,application/xml;q=0.9,image/webp,image/apng,*/*;q=0.8,application/signed-exchange;v=b3',
[info] >       'sec-fetch-site': 'none',
[info] >       'sec-fetch-mode': 'navigate',
[info] >       'accept-encoding': 'gzip, deflate, br',
[info] >       'accept-language': 'en-US,en;q=0.9,id;q=0.8' },
[info] >    rawHeaders:
[info] >     [ 'host',
[info] >       'localhost:5000',
[info] >       'connection',
[info] >       'keep-alive',
[info] >       'dnt',
[info] >       '1',
[info] >       'upgrade-insecure-requests',
[info] >       '1',
[info] >       'user-agent',
[info] >       'Mozilla/5.0 (Windows NT 10.0; Win64; x64) AppleWebKit/537.36 (KHTML, like Gecko) Chrome/78.0.3904.97 Safari/537.36',
[info] >       'sec-fetch-user',
[info] >       '?1',
[info] >       'accept',
[info] >       'text/html,application/xhtml+xml,application/xml;q=0.9,image/webp,image/apng,*/*;q=0.8,application/signed-exchange;v=b3',
[info] >       'sec-fetch-site',
[info] >       'none',
[info] >       'sec-fetch-mode',
[info] >       'navigate',
[info] >       'accept-encoding',
[info] >       'gzip, deflate, br',
[info] >       'accept-language',
[info] >       'en-US,en;q=0.9,id;q=0.8' ],
[info] >    trailers: {},
[info] >    rawTrailers: [],
[info] >    aborted: false,
[info] >    upgrade: false,
[info] >    url: '/',
[info] >    method: 'GET',
[info] >    statusCode: null,
[info] >    statusMessage: null,
[info] >    client:
[info] >     Socket {
[info] >       connecting: false,
[info] >       _hadError: false,
[info] >       _handle:
[info] >        Pipe {
[info] >          onread: [Function: onStreamRead],
[info] >          reading: true,
[info] >          _consumed: true,
[info] >          [Symbol(owner)]: [Circular] },
[info] >       _parent: null,
[info] >       _host: null,
[info] >       _readableState:
[info] >        ReadableState {
[info] >          objectMode: false,
[info] >          highWaterMark: 16384,
[info] >          buffer: BufferList { head: null, tail: null, length: 0 },
[info] >          length: 0,
[info] >          pipes: null,
[info] >          pipesCount: 0,
[info] >          flowing: true,
[info] >          ended: false,
[info] >          endEmitted: false,
[info] >          reading: true,
[info] >          sync: false,
[info] >          needReadable: true,
[info] >          emittedReadable: false,
[info] >          readableListening: false,
[info] >          resumeScheduled: false,
[info] >          emitClose: false,
[info] >          destroyed: false,
[info] >          defaultEncoding: 'utf8',
[info] >          awaitDrain: 0,
[info] >          readingMore: false,
[info] >          decoder: null,
[info] >          encoding: null },
[info] >       readable: true,
[info] >       _events:
[info] >        [Object: null prototype] {
[info] >          end: [Array],
[info] >          drain: [Array],
[info] >          timeout: [Function: socketOnTimeout],
[info] >          data: [Function: bound socketOnData],
[info] >          error: [Function: socketOnError],
[info] >          close: [Array],
[info] >          resume: [Function: onSocketResume],
[info] >          pause: [Function: onSocketPause] },
[info] >       _eventsCount: 8,
[info] >       _maxListeners: undefined,
[info] >       _writableState:
[info] >        WritableState {
[info] >          objectMode: false,
[info] >          highWaterMark: 16384,
[info] >          finalCalled: false,
[info] >          needDrain: false,
[info] >          ending: false,
[info] >          ended: false,
[info] >          finished: false,
[info] >          destroyed: false,
[info] >          decodeStrings: false,
[info] >          defaultEncoding: 'utf8',
[info] >          length: 0,
[info] >          writing: false,
[info] >          corked: 0,
[info] >          sync: true,
[info] >          bufferProcessing: false,
[info] >          onwrite: [Function: bound onwrite],
[info] >          writecb: null,
[info] >          writelen: 0,
[info] >          bufferedRequest: null,
[info] >          lastBufferedRequest: null,
[info] >          pendingcb: 0,
[info] >          prefinished: false,
[info] >          errorEmitted: false,
[info] >          emitClose: false,
[info] >          bufferedRequestCount: 0,
[info] >          corkedRequestsFree: [Object] },
[info] >       writable: true,
[info] >       allowHalfOpen: true,
[info] >       _sockname: null,
[info] >       _pendingData: null,
[info] >       _pendingEncoding: '',
[info] >       server:
[info] >        Server {
[info] >          _events: [Object],
[info] >          _eventsCount: 2,
[info] >          _maxListeners: undefined,
[info] >          _connections: 1,
[info] >          _handle: [Pipe],
[info] >          _usingWorkers: false,
[info] >          _workers: [],
[info] >          _unref: false,
[info] >          allowHalfOpen: true,
[info] >          pauseOnConnect: false,
[info] >          httpAllowHalfOpen: false,
[info] >          timeout: 120000,
[info] >          keepAliveTimeout: 5000,
[info] >          _pendingResponseData: 0,
[info] >          maxHeadersCount: null,
[info] >          headersTimeout: 40000,
[info] >          _pipeName:
[info] >           '\\\\?\\pipe\\C:\\Users\\Allan\\AndroidStudioProjects\\Kostku\\functions\\8908',
[info] >          _connectionKey:
[info] >           '-1:\\\\?\\pipe\\C:\\Users\\Allan\\AndroidStudioProjects\\Kostku\\functions\\8908:-1',
[info] >          [Symbol(IncomingMessage)]: [Function],
[info] >          [Symbol(ServerResponse)]: [Function],
[info] >          [Symbol(asyncId)]: 18 },
[info] >       _server:
[info] >        Server {
[info] >          _events: [Object],
[info] >          _eventsCount: 2,
[info] >          _maxListeners: undefined,
[info] >          _connections: 1,
[info] >          _handle: [Pipe],
[info] >          _usingWorkers: false,
[info] >          _workers: [],
[info] >          _unref: false,
[info] >          allowHalfOpen: true,
[info] >          pauseOnConnect: false,
[info] >          httpAllowHalfOpen: false,
[info] >          timeout: 120000,
[info] >          keepAliveTimeout: 5000,
[info] >          _pendingResponseData: 0,
[info] >          maxHeadersCount: null,
[info] >          headersTimeout: 40000,
[info] >          _pipeName:
[info] >           '\\\\?\\pipe\\C:\\Users\\Allan\\AndroidStudioProjects\\Kostku\\functions\\8908',
[info] >          _connectionKey:
[info] >           '-1:\\\\?\\pipe\\C:\\Users\\Allan\\AndroidStudioProjects\\Kostku\\functions\\8908:-1',
[info] >          [Symbol(IncomingMessage)]: [Function],
[info] >          [Symbol(ServerResponse)]: [Function],
[info] >          [Symbol(asyncId)]: 18 },
[info] >       timeout: 120000,
[info] >       parser:
[info] >        HTTPParser {
[info] >          '0': [Function: parserOnHeaders],
[info] >          '1': [Function: parserOnHeadersComplete],
[info] >          '2': [Function: parserOnBody],
[info] >          '3': [Function: parserOnMessageComplete],
[info] >          '4': [Function: bound onParserExecute],
[info] >          _headers: [],
[info] >          _url: '',
[info] >          socket: [Circular],
[info] >          incoming: [Circular],
[info] >          outgoing: null,
[info] >          maxHeaderPairs: 2000,
[info] >          _consumed: true,
[info] >          onIncoming: [Function: bound parserOnIncoming],
[info] >          parsingHeadersStart: 0,
[info] >          [Symbol(isReused)]: false },
[info] >       on: [Function: socketOnWrap],
[info] >       _paused: false,
[info] >       _httpMessage:
[info] >        ServerResponse {
[info] >          _events: [Object],
[info] >          _eventsCount: 1,
[info] >          _maxListeners: undefined,
[info] >          output: [],
[info] >          outputEncodings: [],
[info] >          outputCallbacks: [],
[info] >          outputSize: 0,
[info] >          writable: true,
[info] >          _last: false,
[info] >          chunkedEncoding: false,
[info] >          shouldKeepAlive: true,
[info] >          useChunkedEncodingByDefault: true,
[info] >          sendDate: true,
[info] >          _removedConnection: false,
[info] >          _removedContLen: false,
[info] >          _removedTE: false,
[info] >          _contentLength: null,
[info] >          _hasBody: true,
[info] >          _trailer: '',
[info] >          finished: false,
[info] >          _headerSent: false,
[info] >          socket: [Circular],
[info] >          connection: [Circular],
[info] >          _header: null,
[info] >          _onPendingData: [Function: bound updateOutgoingData],
[info] >          _sent100: false,
[info] >          _expect_continue: false,
[info] >          req: [Circular],
[info] >          locals: [Object: null prototype] {},
[info] >          [Symbol(isCorked)]: false,
[info] >          [Symbol(outHeadersKey)]: [Object] },
[info] >       [Symbol(asyncId)]: 21,
[info] >       [Symbol(lastWriteQueueSize)]: 0,
[info] >       [Symbol(timeout)]:
[info] >        Timeout {
[info] >          _called: false,
[info] >          _idleTimeout: 120000,
[info] >          _idlePrev: [TimersList],
[info] >          _idleNext: [TimersList],
[info] >          _idleStart: 692,
[info] >          _onTimeout: [Function: bound ],
[info] >          _timerArgs: undefined,
[info] >          _repeat: null,
[info] >          _destroyed: false,
[info] >          [Symbol(unrefed)]: true,
[info] >          [Symbol(asyncId)]: 22,
[info] >          [Symbol(triggerId)]: 21 },
[info] >       [Symbol(kBytesRead)]: 0,
[info] >       [Symbol(kBytesWritten)]: 0 },
[info] >    _consuming: false,
[info] >    _dumped: false,
[info] >    next: [Function: next],
[info] >    baseUrl: '/kostku-d9d46/us-central1/createNewUser',
[info] >    originalUrl: '/kostku-d9d46/us-central1/createNewUser',
[info] >    _parsedUrl:
[info] >     Url {
[info] >       protocol: null,
[info] >       slashes: null,
[info] >       auth: null,
[info] >       host: null,
[info] >       port: null,
[info] >       hostname: null,
[info] >       hash: null,
[info] >       search: null,
[info] >       query: null,
[info] >       pathname: '/',
[info] >       path: '/',
[info] >       href: '/',
[info] >       _raw: '/' },
[info] >    params: { '0': '/' },
[info] >    query: {},
[info] >    res:
[info] >     ServerResponse {
[info] >       _events: [Object: null prototype] { finish: [Array] },
[info] >       _eventsCount: 1,
[info] >       _maxListeners: undefined,
[info] >       output: [],
[info] >       outputEncodings: [],
[info] >       outputCallbacks: [],
[info] >       outputSize: 0,
[info] >       writable: true,
[info] >       _last: false,
[info] >       chunkedEncoding: false,
[info] >       shouldKeepAlive: true,
[info] >       useChunkedEncodingByDefault: true,
[info] >       sendDate: true,
[info] >       _removedConnection: false,
[info] >       _removedContLen: false,
[info] >       _removedTE: false,
[info] >       _contentLength: null,
[info] >       _hasBody: true,
[info] >       _trailer: '',
[info] >       finished: false,
[info] >       _headerSent: false,
[info] >       socket:
[info] >        Socket {
[info] >          connecting: false,
[info] >          _hadError: false,
[info] >          _handle: [Pipe],
[info] >          _parent: null,
[info] >          _host: null,
[info] >          _readableState: [ReadableState],
[info] >          readable: true,
[info] >          _events: [Object],
[info] >          _eventsCount: 8,
[info] >          _maxListeners: undefined,
[info] >          _writableState: [WritableState],
[info] >          writable: true,
[info] >          allowHalfOpen: true,
[info] >          _sockname: null,
[info] >          _pendingData: null,
[info] >          _pendingEncoding: '',
[info] >          server: [Server],
[info] >          _server: [Server],
[info] >          timeout: 120000,
[info] >          parser: [HTTPParser],
[info] >          on: [Function: socketOnWrap],
[info] >          _paused: false,
[info] >          _httpMessage: [Circular],
[info] >          [Symbol(asyncId)]: 21,
[info] >          [Symbol(lastWriteQueueSize)]: 0,
[info] >          [Symbol(timeout)]:
[info] >           Timeout {
[info] >             _called: false,
[info] >             _idleTimeout: 120000,
[info] >             _idlePrev: [TimersList],
[info] >             _idleNext: [TimersList],
[info] >             _idleStart: 692,
[info] >             _onTimeout: [Function: bound ],
[info] >             _timerArgs: undefined,
[info] >             _repeat: null,
[info] >             _destroyed: false,
[info] >             [Symbol(unrefed)]: true,
[info] >             [Symbol(asyncId)]: 22,
[info] >             [Symbol(triggerId)]: 21 },
[info] >          [Symbol(kBytesRead)]: 0,
[info] >          [Symbol(kBytesWritten)]: 0 },
[info] >       connection:
[info] >        Socket {
[info] >          connecting: false,
[info] >          _hadError: false,
[info] >          _handle: [Pipe],
[info] >          _parent: null,
[info] >          _host: null,
[info] >          _readableState: [ReadableState],
[info] >          readable: true,
[info] >          _events: [Object],
[info] >          _eventsCount: 8,
[info] >          _maxListeners: undefined,
[info] >          _writableState: [WritableState],
[info] >          writable: true,
[info] >          allowHalfOpen: true,
[info] >          _sockname: null,
[info] >          _pendingData: null,
[info] >          _pendingEncoding: '',
[info] >          server: [Server],
[info] >          _server: [Server],
[info] >          timeout: 120000,
[info] >          parser: [HTTPParser],
[info] >          on: [Function: socketOnWrap],
[info] >          _paused: false,
[info] >          _httpMessage: [Circular],
[info] >          [Symbol(asyncId)]: 21,
[info] >          [Symbol(lastWriteQueueSize)]: 0,
[info] >          [Symbol(timeout)]:
[info] >           Timeout {
[info] >             _called: false,
[info] >             _idleTimeout: 120000,
[info] >             _idlePrev: [TimersList],
[info] >             _idleNext: [TimersList],
[info] >             _idleStart: 692,
[info] >             _onTimeout: [Function: bound ],
[info] >             _timerArgs: undefined,
[info] >             _repeat: null,
[info] >             _destroyed: false,
[info] >             [Symbol(unrefed)]: true,
[info] >             [Symbol(asyncId)]: 22,
[info] >             [Symbol(triggerId)]: 21 },
[info] >          [Symbol(kBytesRead)]: 0,
[info] >          [Symbol(kBytesWritten)]: 0 },
[info] >       _header: null,
[info] >       _onPendingData: [Function: bound updateOutgoingData],
[info] >       _sent100: false,
[info] >       _expect_continue: false,
[info] >       req: [Circular],
[info] >       locals: [Object: null prototype] {},
[info] >       [Symbol(isCorked)]: false,
[info] >       [Symbol(outHeadersKey)]:
[info] >        [Object: null prototype] { 'x-powered-by': [Array], vary: [Array] } },
[info] >    body: {},
[info] >    route:
[info] >     Route { path: '*', stack: [ [Layer] ], methods: { _all: true } } }
[debug] [2019-11-16T16:27:50.754Z] [runtime-status] Ephemeral server survived. {}
[info] i  functions: Finished "createNewUser" in ~1s
[debug] [2019-11-16T16:27:50.756Z] [worker-createNewUser-d7386a8a-5442-4298-8cae-dad1d0b122b2]: IDLE
[debug] [2019-11-16T16:38:47.690Z] File C:\Users\Allan\AndroidStudioProjects\Kostku\functions\index.js changed, reloading triggers
[debug] [2019-11-16T16:38:48.692Z] [worker-pool]: Shutting down IDLE worker (addMerchant)
[debug] [2019-11-16T16:38:48.693Z] [worker-pool]: Shutting down IDLE worker (createNewUser)
[debug] [2019-11-16T16:38:48.698Z] [worker-~diagnostic~-cc3f74bf-d98a-4f1c-a821-3a498eabef29]: BUSY
[debug] [2019-11-16T16:38:48.700Z] [worker-createNewUser-d7386a8a-5442-4298-8cae-dad1d0b122b2]: exited
[debug] [2019-11-16T16:38:48.700Z] [worker-createNewUser-d7386a8a-5442-4298-8cae-dad1d0b122b2]: FINISHED
[debug] [2019-11-16T16:38:48.701Z] [worker-addMerchant-c9ecd8b0-1784-44f0-92e3-75579fc75462]: exited
[debug] [2019-11-16T16:38:48.701Z] [worker-addMerchant-c9ecd8b0-1784-44f0-92e3-75579fc75462]: FINISHED
[debug] [2019-11-16T16:38:49.243Z] [runtime-status] Functions runtime initialized. {"cwd":"C:\\Users\\Allan\\AndroidStudioProjects\\Kostku\\functions","node_version":"10.15.0"}
[debug] [2019-11-16T16:38:49.247Z] [runtime-status] Disabled runtime features: {"functions_config_helper":true,"network_filtering":true,"timeout":true,"memory_limiting":true,"admin_stubs":true} {}
[debug] [2019-11-16T16:38:49.253Z] [runtime-status] Resolved module firebase-admin {"declared":true,"installed":true,"version":"8.7.0","resolution":"C:\\Users\\Allan\\AndroidStudioProjects\\Kostku\\functions\\node_modules\\firebase-admin\\lib\\index.js"}
[debug] [2019-11-16T16:38:49.256Z] [runtime-status] Resolved module firebase-functions {"declared":true,"installed":true,"version":"3.3.0","resolution":"C:\\Users\\Allan\\AndroidStudioProjects\\Kostku\\functions\\node_modules\\firebase-functions\\lib\\index.js"}
[debug] [2019-11-16T16:38:49.257Z] [runtime-status] Resolved module firebase-functions {"declared":true,"installed":true,"version":"3.3.0","resolution":"C:\\Users\\Allan\\AndroidStudioProjects\\Kostku\\functions\\node_modules\\firebase-functions\\lib\\index.js"}
[debug] [2019-11-16T16:38:49.525Z] [worker-~diagnostic~-cc3f74bf-d98a-4f1c-a821-3a498eabef29]: exited
[debug] [2019-11-16T16:38:49.525Z] [worker-~diagnostic~-cc3f74bf-d98a-4f1c-a821-3a498eabef29]: FINISHED
[debug] [2019-11-16T16:39:20.450Z] File C:\Users\Allan\AndroidStudioProjects\Kostku\functions\index.js changed, reloading triggers
[debug] [2019-11-16T16:39:21.456Z] [worker-~diagnostic~-a263bad3-ae20-4fd7-96e5-624df6ee0d88]: BUSY
[debug] [2019-11-16T16:39:22.031Z] [runtime-status] Functions runtime initialized. {"cwd":"C:\\Users\\Allan\\AndroidStudioProjects\\Kostku\\functions","node_version":"10.15.0"}
[debug] [2019-11-16T16:39:22.034Z] [runtime-status] Disabled runtime features: {"functions_config_helper":true,"network_filtering":true,"timeout":true,"memory_limiting":true,"admin_stubs":true} {}
[debug] [2019-11-16T16:39:22.040Z] [runtime-status] Resolved module firebase-admin {"declared":true,"installed":true,"version":"8.7.0","resolution":"C:\\Users\\Allan\\AndroidStudioProjects\\Kostku\\functions\\node_modules\\firebase-admin\\lib\\index.js"}
[debug] [2019-11-16T16:39:22.044Z] [runtime-status] Resolved module firebase-functions {"declared":true,"installed":true,"version":"3.3.0","resolution":"C:\\Users\\Allan\\AndroidStudioProjects\\Kostku\\functions\\node_modules\\firebase-functions\\lib\\index.js"}
[debug] [2019-11-16T16:39:22.045Z] [runtime-status] Resolved module firebase-functions {"declared":true,"installed":true,"version":"3.3.0","resolution":"C:\\Users\\Allan\\AndroidStudioProjects\\Kostku\\functions\\node_modules\\firebase-functions\\lib\\index.js"}
[debug] [2019-11-16T16:39:22.325Z] [worker-~diagnostic~-a263bad3-ae20-4fd7-96e5-624df6ee0d88]: exited
[debug] [2019-11-16T16:39:22.325Z] [worker-~diagnostic~-a263bad3-ae20-4fd7-96e5-624df6ee0d88]: FINISHED
[debug] [2019-11-16T16:42:28.897Z] File C:\Users\Allan\AndroidStudioProjects\Kostku\functions\index.js changed, reloading triggers
[debug] [2019-11-16T16:42:29.903Z] [worker-~diagnostic~-492e6481-3b8b-4179-a39a-1aaa6dc15640]: BUSY
[debug] [2019-11-16T16:42:30.481Z] [runtime-status] Functions runtime initialized. {"cwd":"C:\\Users\\Allan\\AndroidStudioProjects\\Kostku\\functions","node_version":"10.15.0"}
[debug] [2019-11-16T16:42:30.483Z] [runtime-status] Disabled runtime features: {"functions_config_helper":true,"network_filtering":true,"timeout":true,"memory_limiting":true,"admin_stubs":true} {}
[debug] [2019-11-16T16:42:30.490Z] [runtime-status] Resolved module firebase-admin {"declared":true,"installed":true,"version":"8.7.0","resolution":"C:\\Users\\Allan\\AndroidStudioProjects\\Kostku\\functions\\node_modules\\firebase-admin\\lib\\index.js"}
[debug] [2019-11-16T16:42:30.493Z] [runtime-status] Resolved module firebase-functions {"declared":true,"installed":true,"version":"3.3.0","resolution":"C:\\Users\\Allan\\AndroidStudioProjects\\Kostku\\functions\\node_modules\\firebase-functions\\lib\\index.js"}
[debug] [2019-11-16T16:42:30.494Z] [runtime-status] Resolved module firebase-functions {"declared":true,"installed":true,"version":"3.3.0","resolution":"C:\\Users\\Allan\\AndroidStudioProjects\\Kostku\\functions\\node_modules\\firebase-functions\\lib\\index.js"}
[debug] [2019-11-16T16:42:30.768Z] [worker-~diagnostic~-492e6481-3b8b-4179-a39a-1aaa6dc15640]: exited
[debug] [2019-11-16T16:42:30.768Z] [worker-~diagnostic~-492e6481-3b8b-4179-a39a-1aaa6dc15640]: FINISHED
[debug] [2019-11-16T16:43:48.656Z] File C:\Users\Allan\AndroidStudioProjects\Kostku\functions\index.js changed, reloading triggers
[debug] [2019-11-16T16:43:48.714Z] File C:\Users\Allan\AndroidStudioProjects\Kostku\functions\index.js changed, reloading triggers
[debug] [2019-11-16T16:43:49.730Z] [worker-~diagnostic~-eb1fb6c4-816e-455c-822b-29857f464d1b]: BUSY
[debug] [2019-11-16T16:43:53.260Z] [runtime-status] Functions runtime initialized. {"cwd":"C:\\Users\\Allan\\AndroidStudioProjects\\Kostku\\functions","node_version":"10.15.0"}
[debug] [2019-11-16T16:43:53.265Z] [runtime-status] Disabled runtime features: {"functions_config_helper":true,"network_filtering":true,"timeout":true,"memory_limiting":true,"admin_stubs":true} {}
[debug] [2019-11-16T16:43:53.324Z] [runtime-status] Resolved module firebase-admin {"declared":true,"installed":true,"version":"8.7.0","resolution":"C:\\Users\\Allan\\AndroidStudioProjects\\Kostku\\functions\\node_modules\\firebase-admin\\lib\\index.js"}
[debug] [2019-11-16T16:43:53.374Z] [runtime-status] Resolved module firebase-functions {"declared":true,"installed":true,"version":"3.3.0","resolution":"C:\\Users\\Allan\\AndroidStudioProjects\\Kostku\\functions\\node_modules\\firebase-functions\\lib\\index.js"}
[debug] [2019-11-16T16:43:53.376Z] [runtime-status] Resolved module firebase-functions {"declared":true,"installed":true,"version":"3.3.0","resolution":"C:\\Users\\Allan\\AndroidStudioProjects\\Kostku\\functions\\node_modules\\firebase-functions\\lib\\index.js"}
[debug] [2019-11-16T16:43:55.071Z] [worker-~diagnostic~-eb1fb6c4-816e-455c-822b-29857f464d1b]: exited
[debug] [2019-11-16T16:43:55.071Z] [worker-~diagnostic~-eb1fb6c4-816e-455c-822b-29857f464d1b]: FINISHED
